Vivado Simulator 2017.4
Copyright 1986-1999, 2001-2016 Xilinx, Inc. All Rights Reserved.
Running: /opt/Xilinx/Vivado/2017.4/bin/unwrapped/lnx64.o/xelab -wto 8a2aa20f85844b9094fe626fb0f968f9 --incr --debug typical --relax --mt 8 -L xil_defaultlib -L xbip_utils_v3_0_8 -L axi_utils_v2_0_4 -L xbip_pipe_v3_0_4 -L xbip_dsp48_wrapper_v3_0_4 -L xbip_dsp48_addsub_v3_0_4 -L xbip_dsp48_multadd_v3_0_4 -L xbip_bram18k_v3_0_4 -L mult_gen_v12_0_13 -L floating_point_v7_1_5 -L unisims_ver -L unimacro_ver -L secureip -L xpm --snapshot TopLevelTB_behav xil_defaultlib.TopLevelTB xil_defaultlib.glbl -log elaborate.log 
Using 8 slave threads.
Starting static elaboration
Completed static elaboration
Starting simulation data flow analysis
Completed simulation data flow analysis
Time Resolution for simulation is 1ps
Compiling package std.standard
Compiling package std.textio
Compiling package ieee.std_logic_1164
Compiling package ieee.numeric_std
Compiling package ieee.math_real
Compiling package xil_defaultlib.txt_util
Compiling package ieee.std_logic_textio
Compiling package floating_point_v7_1_5.floating_point_v7_1_5_viv_comp
Compiling package xbip_utils_v3_0_8.xbip_utils_v3_0_8_pkg
Compiling package axi_utils_v2_0_4.axi_utils_v2_0_4_pkg
Compiling package floating_point_v7_1_5.floating_point_v7_1_5_consts
Compiling package floating_point_v7_1_5.floating_point_v7_1_5_exp_table_...
Compiling package mult_gen_v12_0_13.mult_gen_v12_0_13_pkg
Compiling package ieee.std_logic_arith
Compiling package ieee.std_logic_signed
Compiling package floating_point_v7_1_5.floating_point_v7_1_5_pkg
Compiling package floating_point_v7_1_5.flt_utils
Compiling package unisim.vcomponents
Compiling package xbip_pipe_v3_0_4.xbip_pipe_v3_0_4_viv_comp
Compiling package ieee.vital_timing
Compiling package ieee.vital_primitives
Compiling package unisim.vpkg
Compiling package vl.vl_types
Compiling module xil_defaultlib.glbl
Compiling module xil_defaultlib.spmv_mult_axis_AXILiteS_s_axi
Compiling module xil_defaultlib.spmv_mult_axis_vect_m_axi_thrott...
Compiling module xil_defaultlib.spmv_mult_axis_vect_m_axi_reg_sl...
Compiling module xil_defaultlib.spmv_mult_axis_vect_m_axi_fifo(D...
Compiling module xil_defaultlib.spmv_mult_axis_vect_m_axi_buffer...
Compiling module xil_defaultlib.spmv_mult_axis_vect_m_axi_fifo(D...
Compiling module xil_defaultlib.spmv_mult_axis_vect_m_axi_fifo(D...
Compiling module xil_defaultlib.spmv_mult_axis_vect_m_axi_fifo(D...
Compiling module xil_defaultlib.spmv_mult_axis_vect_m_axi_write(...
Compiling module xil_defaultlib.spmv_mult_axis_vect_m_axi_buffer...
Compiling module xil_defaultlib.spmv_mult_axis_vect_m_axi_reg_sl...
Compiling module xil_defaultlib.spmv_mult_axis_vect_m_axi_fifo(D...
Compiling module xil_defaultlib.spmv_mult_axis_vect_m_axi_read(N...
Compiling module xil_defaultlib.spmv_mult_axis_vect_m_axi(NUM_RE...
Compiling module xil_defaultlib.spmv_mult_axis_entry
Compiling module xil_defaultlib.Block_proc
Compiling module xil_defaultlib.Loop_1_proc18
Compiling module xil_defaultlib.Loop_2_proc19
Compiling module xil_defaultlib.Loop_3_proc20
Compiling architecture synth of entity xbip_pipe_v3_0_4.xbip_pipe_v3_0_4_viv [\xbip_pipe_v3_0_4_viv(c_has_ce=1...]
Compiling architecture rtl of entity floating_point_v7_1_5.delay [\delay(width=7,length=0)\]
Compiling architecture synth of entity xbip_pipe_v3_0_4.xbip_pipe_v3_0_4_viv [\xbip_pipe_v3_0_4_viv(c_has_ce=1...]
Compiling architecture rtl of entity floating_point_v7_1_5.delay [\delay(width=4,length=0)\]
Compiling architecture synth of entity xbip_pipe_v3_0_4.xbip_pipe_v3_0_4_viv [\xbip_pipe_v3_0_4_viv(c_has_ce=1...]
Compiling architecture rtl of entity floating_point_v7_1_5.delay [\delay(length=0)\]
Compiling architecture synth of entity xbip_pipe_v3_0_4.xbip_pipe_v3_0_4_viv [\xbip_pipe_v3_0_4_viv(c_has_ce=1...]
Compiling architecture rtl of entity floating_point_v7_1_5.delay [\delay(width=16,length=0)\]
Compiling architecture synth of entity xbip_pipe_v3_0_4.xbip_pipe_v3_0_4_viv [\xbip_pipe_v3_0_4_viv(c_has_ce=1...]
Compiling architecture rtl of entity floating_point_v7_1_5.delay [\delay(width=24,length=0)\]
Compiling architecture synth of entity xbip_pipe_v3_0_4.xbip_pipe_v3_0_4_viv [\xbip_pipe_v3_0_4_viv(c_has_ce=1...]
Compiling architecture rtl of entity floating_point_v7_1_5.delay [\delay(width=17,length=0)\]
Compiling architecture synth of entity xbip_pipe_v3_0_4.xbip_pipe_v3_0_4_viv [\xbip_pipe_v3_0_4_viv(c_has_ce=1...]
Compiling architecture rtl of entity floating_point_v7_1_5.delay [\delay(width=25,length=0)\]
Compiling architecture dsp48e1_v of entity unisim.DSP48E1 [\DSP48E1(acascreg=0,adreg=0,alum...]
Compiling architecture rtl of entity floating_point_v7_1_5.dsp48e1_wrapper [\dsp48e1_wrapper(a_width=24,b_wi...]
Compiling architecture synth of entity xbip_pipe_v3_0_4.xbip_pipe_v3_0_4_viv [\xbip_pipe_v3_0_4_viv(c_latency=...]
Compiling architecture rtl of entity floating_point_v7_1_5.delay [delay_default]
Compiling architecture synth of entity xbip_pipe_v3_0_4.xbip_pipe_v3_0_4_viv [\xbip_pipe_v3_0_4_viv(c_has_ce=1...]
Compiling architecture rtl of entity floating_point_v7_1_5.delay [\delay(width=48,length=0)\]
Compiling architecture dsp48e1_v of entity unisim.DSP48E1 [\DSP48E1(adreg=0,alumodereg=0,a_...]
Compiling architecture rtl of entity floating_point_v7_1_5.dsp48e1_wrapper [\dsp48e1_wrapper(a_width=24,b_wi...]
Compiling architecture struct of entity floating_point_v7_1_5.fix_mult_dsp48e1_sgl [\fix_mult_dsp48e1_sgl(registers=...]
Compiling architecture rtl of entity floating_point_v7_1_5.fix_mult [\fix_mult(c_xdevicefamily="virte...]
Compiling architecture muxcy_v of entity unisim.MUXCY [muxcy_default]
Compiling architecture xorcy_v of entity unisim.XORCY [xorcy_default]
Compiling architecture fdre_v of entity unisim.FDRE [fdre_default]
Compiling architecture fde_v of entity unisim.FDE [fde_default]
Compiling architecture synth of entity xbip_pipe_v3_0_4.xbip_pipe_v3_0_4_viv [\xbip_pipe_v3_0_4_viv(c_latency=...]
Compiling architecture rtl of entity floating_point_v7_1_5.delay [\delay(width=7)\]
Compiling architecture synth of entity xbip_pipe_v3_0_4.xbip_pipe_v3_0_4_viv [\xbip_pipe_v3_0_4_viv(c_latency=...]
Compiling architecture rtl of entity floating_point_v7_1_5.delay [\delay(width=8,fast_input=true)\]
Compiling architecture struct of entity floating_point_v7_1_5.carry_chain [\carry_chain(c_xdevicefamily="vi...]
Compiling architecture synth of entity xbip_pipe_v3_0_4.xbip_pipe_v3_0_4_viv [\xbip_pipe_v3_0_4_viv(c_has_ce=1...]
Compiling architecture rtl of entity floating_point_v7_1_5.delay [\delay(width=32,length=0)\]
Compiling architecture struct of entity floating_point_v7_1_5.carry_chain [\carry_chain(c_xdevicefamily="vi...]
Compiling architecture synth of entity floating_point_v7_1_5.compare_eq_im [\compare_eq_im(c_xdevicefamily="...]
Compiling architecture synth of entity xbip_pipe_v3_0_4.xbip_pipe_v3_0_4_viv [\xbip_pipe_v3_0_4_viv(c_has_ce=1...]
Compiling architecture rtl of entity floating_point_v7_1_5.delay [\delay(length=0,fast_input=true)...]
Compiling architecture rtl of entity floating_point_v7_1_5.special_detect [\special_detect(c_xdevicefamily=...]
Compiling architecture synth of entity xbip_pipe_v3_0_4.xbip_pipe_v3_0_4_viv [\xbip_pipe_v3_0_4_viv(c_latency=...]
Compiling architecture rtl of entity floating_point_v7_1_5.delay [\delay(width=2,fast_input=true)\]
Compiling architecture synth of entity xbip_pipe_v3_0_4.xbip_pipe_v3_0_4_viv [\xbip_pipe_v3_0_4_viv(c_latency=...]
Compiling architecture rtl of entity floating_point_v7_1_5.delay [\delay(fast_input=true)\]
Compiling architecture synth of entity xbip_pipe_v3_0_4.xbip_pipe_v3_0_4_viv [\xbip_pipe_v3_0_4_viv(c_latency=...]
Compiling architecture rtl of entity floating_point_v7_1_5.delay [\delay(width=4,fast_input=true)\]
Compiling architecture synth of entity xbip_pipe_v3_0_4.xbip_pipe_v3_0_4_viv [\xbip_pipe_v3_0_4_viv(c_has_ce=1...]
Compiling architecture rtl of entity floating_point_v7_1_5.delay [\delay(width=8,length=0)\]
Compiling architecture synth of entity xbip_pipe_v3_0_4.xbip_pipe_v3_0_4_viv [\xbip_pipe_v3_0_4_viv(c_has_ce=1...]
Compiling architecture rtl of entity floating_point_v7_1_5.delay [\delay(width=3,length=0,fast_inp...]
Compiling architecture synth of entity xbip_pipe_v3_0_4.xbip_pipe_v3_0_4_viv [\xbip_pipe_v3_0_4_viv(c_has_ce=1...]
Compiling architecture rtl of entity floating_point_v7_1_5.delay [\delay(width=4,length=0,fast_inp...]
Compiling architecture synth of entity xbip_pipe_v3_0_4.xbip_pipe_v3_0_4_viv [\xbip_pipe_v3_0_4_viv(c_has_ce=1...]
Compiling architecture rtl of entity floating_point_v7_1_5.delay [\delay(width=14,length=0)\]
Compiling architecture rtl of entity floating_point_v7_1_5.flt_mult_exp [\flt_mult_exp(c_xdevicefamily="v...]
Compiling architecture synth of entity xbip_pipe_v3_0_4.xbip_pipe_v3_0_4_viv [\xbip_pipe_v3_0_4_viv(c_has_ce=1...]
Compiling architecture rtl of entity floating_point_v7_1_5.delay [\delay(width=30,length=0)\]
Compiling architecture synth of entity xbip_pipe_v3_0_4.xbip_pipe_v3_0_4_viv [\xbip_pipe_v3_0_4_viv(c_has_ce=1...]
Compiling architecture rtl of entity floating_point_v7_1_5.delay [\delay(width=18,length=0)\]
Compiling architecture dsp48e1_v of entity unisim.DSP48E1 [\DSP48E1(acascreg=0,adreg=0,alum...]
Compiling architecture rtl of entity floating_point_v7_1_5.dsp48e1_wrapper [\dsp48e1_wrapper(a_width=30,b_wi...]
Compiling architecture struct of entity floating_point_v7_1_5.flt_round_dsp_opt_full [\flt_round_dsp_opt_full(c_xdevic...]
Compiling architecture rtl of entity floating_point_v7_1_5.flt_mult_round [\flt_mult_round(c_xdevicefamily=...]
Compiling architecture synth of entity floating_point_v7_1_5.flt_dec_op_lat [\flt_dec_op_lat(c_xdevicefamily=...]
Compiling architecture rtl of entity floating_point_v7_1_5.flt_mult [\flt_mult(c_xdevicefamily="virte...]
Compiling architecture synth of entity xbip_pipe_v3_0_4.xbip_pipe_v3_0_4_viv [\xbip_pipe_v3_0_4_viv(c_latency=...]
Compiling architecture xilinx of entity floating_point_v7_1_5.floating_point_v7_1_5_viv [\floating_point_v7_1_5_viv(c_xde...]
Compiling architecture xilinx of entity floating_point_v7_1_5.floating_point_v7_1_5 [\floating_point_v7_1_5(c_xdevice...]
Compiling architecture spmv_mult_axis_ap_fmul_3_max_dsp_32_arch of entity xil_defaultlib.spmv_mult_axis_ap_fmul_3_max_dsp_32 [spmv_mult_axis_ap_fmul_3_max_dsp...]
Compiling module xil_defaultlib.spmv_mult_axis_fmbkb(ID=1)
Compiling module xil_defaultlib.Loop_4_proc21
Compiling module xil_defaultlib.fifo_w32_d1_A_shiftReg
Compiling module xil_defaultlib.fifo_w32_d1_A
Compiling module xil_defaultlib.fifo_w32_d2_A_shiftReg
Compiling module xil_defaultlib.fifo_w32_d2_A
Compiling module xil_defaultlib.start_for_Block_pcud_shiftReg
Compiling module xil_defaultlib.start_for_Block_pcud
Compiling module xil_defaultlib.start_for_Loop_4_dEe_shiftReg
Compiling module xil_defaultlib.start_for_Loop_4_dEe
Compiling module xil_defaultlib.spmv_mult_axis(C_S_AXI_AXILITES_...
Compiling architecture spmv_mult_axis_0_arch of entity xil_defaultlib.spmv_mult_axis_0 [spmv_mult_axis_0_default]
Compiling module xil_defaultlib.TLASTGenerator
Compiling module unisims_ver.VCC
Compiling module unisims_ver.x_lut3_mux8
Compiling module unisims_ver.LUT3
Compiling module unisims_ver.x_lut2_mux4
Compiling module unisims_ver.LUT2
Compiling module unisims_ver.FDRE_default
Compiling module xil_defaultlib.floating_point_0_xbip_pipe_v3_0_...
Compiling module xil_defaultlib.floating_point_0_delay__paramete...
Compiling module unisims_ver.LUT4
Compiling module unisims_ver.DSP48E1(ACASCREG=0,ADREG=0,AREG=...
Compiling module xil_defaultlib.floating_point_0_dsp48e1_wrapper
Compiling module xil_defaultlib.floating_point_0_xbip_pipe_v3_0_...
Compiling module xil_defaultlib.floating_point_0_delay__paramete...
Compiling module xil_defaultlib.floating_point_0_xbip_pipe_v3_0_...
Compiling module xil_defaultlib.floating_point_0_delay__paramete...
Compiling module xil_defaultlib.floating_point_0_xbip_pipe_v3_0_...
Compiling module xil_defaultlib.floating_point_0_delay__paramete...
Compiling module unisims_ver.LUT5
Compiling module xil_defaultlib.floating_point_0_xbip_pipe_v3_0_...
Compiling module xil_defaultlib.floating_point_0_delay__paramete...
Compiling module unisims_ver.GND
Compiling module xil_defaultlib.floating_point_0_carry_chain__pa...
Compiling module xil_defaultlib.floating_point_0_xbip_pipe_v3_0_...
Compiling module xil_defaultlib.floating_point_0_delay__paramete...
Compiling module xil_defaultlib.floating_point_0_carry_chain__pa...
Compiling module xil_defaultlib.floating_point_0_xbip_pipe_v3_0_...
Compiling module xil_defaultlib.floating_point_0_delay__paramete...
Compiling module xil_defaultlib.floating_point_0_carry_chain__pa...
Compiling module xil_defaultlib.floating_point_0_xbip_pipe_v3_0_...
Compiling module xil_defaultlib.floating_point_0_delay__paramete...
Compiling module xil_defaultlib.floating_point_0_carry_chain__pa...
Compiling module xil_defaultlib.floating_point_0_xbip_pipe_v3_0_...
Compiling module xil_defaultlib.floating_point_0_delay__paramete...
Compiling module xil_defaultlib.floating_point_0_carry_chain__pa...
Compiling module xil_defaultlib.floating_point_0_xbip_pipe_v3_0_...
Compiling module xil_defaultlib.floating_point_0_delay__paramete...
Compiling module xil_defaultlib.floating_point_0_carry_chain__pa...
Compiling module xil_defaultlib.floating_point_0_xbip_pipe_v3_0_...
Compiling module xil_defaultlib.floating_point_0_delay__paramete...
Compiling module xil_defaultlib.floating_point_0_xbip_pipe_v3_0_...
Compiling module xil_defaultlib.floating_point_0_delay__paramete...
Compiling module xil_defaultlib.floating_point_0_carry_chain__pa...
Compiling module unisims_ver.SRL16E_default
Compiling module xil_defaultlib.floating_point_0_xbip_pipe_v3_0_...
Compiling module xil_defaultlib.floating_point_0_delay__paramete...
Compiling module unisims_ver.CARRY4
Compiling module xil_defaultlib.floating_point_0_carry_chain__pa...
Compiling module xil_defaultlib.floating_point_0_carry_chain__pa...
Compiling module xil_defaultlib.floating_point_0_carry_chain__pa...
Compiling module xil_defaultlib.floating_point_0_carry_chain__pa...
Compiling module xil_defaultlib.floating_point_0_carry_chain__pa...
Compiling module xil_defaultlib.floating_point_0_carry_chain__pa...
Compiling module xil_defaultlib.floating_point_0_carry_chain__pa...
Compiling module xil_defaultlib.floating_point_0_carry_chain__pa...
Compiling module xil_defaultlib.floating_point_0_carry_chain__pa...
Compiling module xil_defaultlib.floating_point_0_xbip_pipe_v3_0_...
Compiling module xil_defaultlib.floating_point_0_delay__paramete...
Compiling module xil_defaultlib.floating_point_0_flt_accum_bit_e...
Compiling module unisims_ver.x_lut1_mux2
Compiling module unisims_ver.LUT1
Compiling module xil_defaultlib.floating_point_0_xbip_pipe_v3_0_...
Compiling module xil_defaultlib.floating_point_0_delay__paramete...
Compiling module xil_defaultlib.floating_point_0_carry_chain__pa...
Compiling module xil_defaultlib.floating_point_0_xbip_pipe_v3_0_...
Compiling module xil_defaultlib.floating_point_0_delay__paramete...
Compiling module xil_defaultlib.floating_point_0_carry_chain__pa...
Compiling module xil_defaultlib.floating_point_0_xbip_pipe_v3_0_...
Compiling module xil_defaultlib.floating_point_0_delay__paramete...
Compiling module xil_defaultlib.floating_point_0_carry_chain__pa...
Compiling module xil_defaultlib.floating_point_0_xbip_pipe_v3_0_...
Compiling module xil_defaultlib.floating_point_0_delay__paramete...
Compiling module xil_defaultlib.floating_point_0_carry_chain__pa...
Compiling module xil_defaultlib.floating_point_0_xbip_pipe_v3_0_...
Compiling module xil_defaultlib.floating_point_0_delay__paramete...
Compiling module xil_defaultlib.floating_point_0_carry_chain__pa...
Compiling module xil_defaultlib.floating_point_0_xbip_pipe_v3_0_...
Compiling module xil_defaultlib.floating_point_0_delay__paramete...
Compiling module xil_defaultlib.floating_point_0_carry_chain__pa...
Compiling module xil_defaultlib.floating_point_0_xbip_pipe_v3_0_...
Compiling module xil_defaultlib.floating_point_0_delay__paramete...
Compiling module xil_defaultlib.floating_point_0_carry_chain__pa...
Compiling module xil_defaultlib.floating_point_0_xbip_pipe_v3_0_...
Compiling module xil_defaultlib.floating_point_0_delay__paramete...
Compiling module xil_defaultlib.floating_point_0_carry_chain__pa...
Compiling module xil_defaultlib.floating_point_0_flt_accum_bit_e...
Compiling module xil_defaultlib.floating_point_0_xbip_pipe_v3_0_...
Compiling module xil_defaultlib.floating_point_0_delay__paramete...
Compiling module xil_defaultlib.floating_point_0_carry_chain__pa...
Compiling module xil_defaultlib.floating_point_0_xbip_pipe_v3_0_...
Compiling module xil_defaultlib.floating_point_0_delay__paramete...
Compiling module xil_defaultlib.floating_point_0_carry_chain__pa...
Compiling module xil_defaultlib.floating_point_0_xbip_pipe_v3_0_...
Compiling module xil_defaultlib.floating_point_0_delay__paramete...
Compiling module xil_defaultlib.floating_point_0_carry_chain__pa...
Compiling module xil_defaultlib.floating_point_0_xbip_pipe_v3_0_...
Compiling module xil_defaultlib.floating_point_0_delay__paramete...
Compiling module xil_defaultlib.floating_point_0_carry_chain__pa...
Compiling module xil_defaultlib.floating_point_0_xbip_pipe_v3_0_...
Compiling module xil_defaultlib.floating_point_0_delay__paramete...
Compiling module xil_defaultlib.floating_point_0_carry_chain__pa...
Compiling module xil_defaultlib.floating_point_0_xbip_pipe_v3_0_...
Compiling module xil_defaultlib.floating_point_0_delay__paramete...
Compiling module xil_defaultlib.floating_point_0_carry_chain__pa...
Compiling module xil_defaultlib.floating_point_0_xbip_pipe_v3_0_...
Compiling module xil_defaultlib.floating_point_0_delay__paramete...
Compiling module xil_defaultlib.floating_point_0_carry_chain__pa...
Compiling module xil_defaultlib.floating_point_0_xbip_pipe_v3_0_...
Compiling module xil_defaultlib.floating_point_0_delay__paramete...
Compiling module xil_defaultlib.floating_point_0_carry_chain__pa...
Compiling module xil_defaultlib.floating_point_0_xbip_pipe_v3_0_...
Compiling module xil_defaultlib.floating_point_0_delay__paramete...
Compiling module xil_defaultlib.floating_point_0_flt_accum_bit_e...
Compiling module xil_defaultlib.floating_point_0_xbip_pipe_v3_0_...
Compiling module xil_defaultlib.floating_point_0_delay__paramete...
Compiling module xil_defaultlib.floating_point_0_carry_chain__pa...
Compiling module unisims_ver.LUT6
Compiling module xil_defaultlib.floating_point_0_compare_eq_im__...
Compiling module xil_defaultlib.floating_point_0_xbip_pipe_v3_0_...
Compiling module xil_defaultlib.floating_point_0_delay__paramete...
Compiling module xil_defaultlib.floating_point_0_xbip_pipe_v3_0_...
Compiling module xil_defaultlib.floating_point_0_delay__paramete...
Compiling module xil_defaultlib.floating_point_0_dsp48e1_wrapper...
Compiling module xil_defaultlib.floating_point_0_xbip_pipe_v3_0_...
Compiling module xil_defaultlib.floating_point_0_delay__paramete...
Compiling module xil_defaultlib.floating_point_0_xbip_pipe_v3_0_...
Compiling module xil_defaultlib.floating_point_0_delay__paramete...
Compiling module xil_defaultlib.floating_point_0_xbip_pipe_v3_0_...
Compiling module xil_defaultlib.floating_point_0_delay__paramete...
Compiling module xil_defaultlib.floating_point_0_carry_chain__pa...
Compiling module xil_defaultlib.floating_point_0_compare_eq_im__...
Compiling module xil_defaultlib.floating_point_0_carry_chain__pa...
Compiling module xil_defaultlib.floating_point_0_compare_eq
Compiling module xil_defaultlib.floating_point_0_xbip_pipe_v3_0_...
Compiling module xil_defaultlib.floating_point_0_delay__paramete...
Compiling module xil_defaultlib.floating_point_0_xbip_pipe_v3_0_...
Compiling module xil_defaultlib.floating_point_0_delay__paramete...
Compiling module xil_defaultlib.floating_point_0_carry_chain__pa...
Compiling module xil_defaultlib.floating_point_0_compare_gt
Compiling module unisims_ver.FDSE_default
Compiling module xil_defaultlib.floating_point_0_xbip_pipe_v3_0_...
Compiling module xil_defaultlib.floating_point_0_delay__paramete...
Compiling module xil_defaultlib.floating_point_0_carry_chain__pa...
Compiling module xil_defaultlib.floating_point_0_xbip_pipe_v3_0_...
Compiling module xil_defaultlib.floating_point_0_delay__paramete...
Compiling module xil_defaultlib.floating_point_0_xbip_pipe_v3_0_...
Compiling module xil_defaultlib.floating_point_0_delay__paramete...
Compiling module xil_defaultlib.floating_point_0_carry_chain__pa...
Compiling module xil_defaultlib.floating_point_0_compare_eq_im__...
Compiling module xil_defaultlib.floating_point_0_xbip_pipe_v3_0_...
Compiling module xil_defaultlib.floating_point_0_delay__paramete...
Compiling module xil_defaultlib.floating_point_0_xbip_pipe_v3_0_...
Compiling module xil_defaultlib.floating_point_0_delay__paramete...
Compiling module xil_defaultlib.floating_point_0_delay_s
Compiling module unisims_ver.FDSE(INIT=1'b0)
Compiling module xil_defaultlib.floating_point_0_xbip_pipe_v3_0_...
Compiling module xil_defaultlib.floating_point_0_delay__paramete...
Compiling module xil_defaultlib.floating_point_0_delay_s_62
Compiling module xil_defaultlib.floating_point_0_xbip_pipe_v3_0_...
Compiling module xil_defaultlib.floating_point_0_delay__paramete...
Compiling module xil_defaultlib.floating_point_0_xbip_pipe_v3_0_...
Compiling module xil_defaultlib.floating_point_0_delay__paramete...
Compiling module xil_defaultlib.floating_point_0_xbip_pipe_v3_0_...
Compiling module xil_defaultlib.floating_point_0_delay__paramete...
Compiling module xil_defaultlib.floating_point_0_xbip_pipe_v3_0_...
Compiling module xil_defaultlib.floating_point_0_delay__paramete...
Compiling module xil_defaultlib.floating_point_0_xbip_pipe_v3_0_...
Compiling module xil_defaultlib.floating_point_0_delay__paramete...
Compiling module xil_defaultlib.floating_point_0_shift_msb_first
Compiling module xil_defaultlib.floating_point_0_xbip_pipe_v3_0_...
Compiling module xil_defaultlib.floating_point_0_delay__paramete...
Compiling module xil_defaultlib.floating_point_0_xbip_pipe_v3_0_...
Compiling module xil_defaultlib.floating_point_0_delay__paramete...
Compiling module xil_defaultlib.floating_point_0_xbip_pipe_v3_0_...
Compiling module xil_defaultlib.floating_point_0_delay__paramete...
Compiling module xil_defaultlib.floating_point_0_special_detect_...
Compiling module xil_defaultlib.floating_point_0_xbip_pipe_v3_0_...
Compiling module xil_defaultlib.floating_point_0_delay__paramete...
Compiling module xil_defaultlib.floating_point_0_xbip_pipe_v3_0_...
Compiling module xil_defaultlib.floating_point_0_delay__paramete...
Compiling module xil_defaultlib.floating_point_0_xbip_pipe_v3_0_...
Compiling module xil_defaultlib.floating_point_0_delay__paramete...
Compiling module xil_defaultlib.floating_point_0_xbip_pipe_v3_0_...
Compiling module xil_defaultlib.floating_point_0_delay__paramete...
Compiling module xil_defaultlib.floating_point_0_xbip_pipe_v3_0_...
Compiling module xil_defaultlib.floating_point_0_delay__paramete...
Compiling module xil_defaultlib.floating_point_0_flt_accum_flt_t...
Compiling module xil_defaultlib.floating_point_0_xbip_pipe_v3_0_...
Compiling module xil_defaultlib.floating_point_0_delay__paramete...
Compiling module xil_defaultlib.floating_point_0_xbip_pipe_v3_0_...
Compiling module xil_defaultlib.floating_point_0_delay__paramete...
Compiling module unisims_ver.SRLC32E_default
Compiling module xil_defaultlib.floating_point_0_xbip_pipe_v3_0_...
Compiling module xil_defaultlib.floating_point_0_delay__paramete...
Compiling module xil_defaultlib.floating_point_0_xbip_pipe_v3_0_...
Compiling module xil_defaultlib.floating_point_0_delay__paramete...
Compiling module xil_defaultlib.floating_point_0_carry_chain__pa...
Compiling module xil_defaultlib.floating_point_0_carry_chain__pa...
Compiling module xil_defaultlib.floating_point_0_carry_chain__pa...
Compiling module xil_defaultlib.floating_point_0_carry_chain__pa...
Compiling module xil_defaultlib.floating_point_0_carry_chain__pa...
Compiling module xil_defaultlib.floating_point_0_carry_chain__pa...
Compiling module xil_defaultlib.floating_point_0_xbip_pipe_v3_0_...
Compiling module xil_defaultlib.floating_point_0_delay__paramete...
Compiling module xil_defaultlib.floating_point_0_xbip_pipe_v3_0_...
Compiling module xil_defaultlib.floating_point_0_delay__paramete...
Compiling module xil_defaultlib.floating_point_0_xbip_pipe_v3_0_...
Compiling module xil_defaultlib.floating_point_0_delay__paramete...
Compiling module xil_defaultlib.floating_point_0_carry_chain__pa...
Compiling module xil_defaultlib.floating_point_0_carry_chain__pa...
Compiling module xil_defaultlib.floating_point_0_carry_chain__pa...
Compiling module xil_defaultlib.floating_point_0_carry_chain__pa...
Compiling module xil_defaultlib.floating_point_0_carry_chain__pa...
Compiling module xil_defaultlib.floating_point_0_carry_chain__pa...
Compiling module xil_defaultlib.floating_point_0_carry_chain__pa...
Compiling module xil_defaultlib.floating_point_0_carry_chain__pa...
Compiling module xil_defaultlib.floating_point_0_xbip_pipe_v3_0_...
Compiling module xil_defaultlib.floating_point_0_delay__paramete...
Compiling module xil_defaultlib.floating_point_0_flt_accum_bit_e...
Compiling module xil_defaultlib.floating_point_0_xbip_pipe_v3_0_...
Compiling module xil_defaultlib.floating_point_0_delay__paramete...
Compiling module xil_defaultlib.floating_point_0_xbip_pipe_v3_0_...
Compiling module xil_defaultlib.floating_point_0_delay__paramete...
Compiling module xil_defaultlib.floating_point_0_xbip_pipe_v3_0_...
Compiling module xil_defaultlib.floating_point_0_delay__paramete...
Compiling module xil_defaultlib.floating_point_0_carry_chain__pa...
Compiling module xil_defaultlib.floating_point_0_xbip_pipe_v3_0_...
Compiling module xil_defaultlib.floating_point_0_delay__paramete...
Compiling module xil_defaultlib.floating_point_0_carry_chain__pa...
Compiling module xil_defaultlib.floating_point_0_carry_chain__pa...
Compiling module xil_defaultlib.floating_point_0_carry_chain__pa...
Compiling module xil_defaultlib.floating_point_0_carry_chain__pa...
Compiling module xil_defaultlib.floating_point_0_carry_chain__pa...
Compiling module xil_defaultlib.floating_point_0_carry_chain__pa...
Compiling module xil_defaultlib.floating_point_0_carry_chain__pa...
Compiling module xil_defaultlib.floating_point_0_carry_chain__pa...
Compiling module xil_defaultlib.floating_point_0_xbip_pipe_v3_0_...
Compiling module xil_defaultlib.floating_point_0_delay__paramete...
Compiling module xil_defaultlib.floating_point_0_flt_accum_bit_e...
Compiling module xil_defaultlib.floating_point_0_xbip_pipe_v3_0_...
Compiling module xil_defaultlib.floating_point_0_delay__paramete...
Compiling module xil_defaultlib.floating_point_0_xbip_pipe_v3_0_...
Compiling module xil_defaultlib.floating_point_0_delay__paramete...
Compiling module xil_defaultlib.floating_point_0_xbip_pipe_v3_0_...
Compiling module xil_defaultlib.floating_point_0_delay__paramete...
Compiling module xil_defaultlib.floating_point_0_xbip_pipe_v3_0_...
Compiling module xil_defaultlib.floating_point_0_delay__paramete...
Compiling module xil_defaultlib.floating_point_0_xbip_pipe_v3_0_...
Compiling module xil_defaultlib.floating_point_0_delay__paramete...
Compiling module xil_defaultlib.floating_point_0_xbip_pipe_v3_0_...
Compiling module xil_defaultlib.floating_point_0_delay__paramete...
Compiling module xil_defaultlib.floating_point_0_xbip_pipe_v3_0_...
Compiling module xil_defaultlib.floating_point_0_delay__paramete...
Compiling module xil_defaultlib.floating_point_0_xbip_pipe_v3_0_...
Compiling module xil_defaultlib.floating_point_0_delay__paramete...
Compiling module xil_defaultlib.floating_point_0_xbip_pipe_v3_0_...
Compiling module xil_defaultlib.floating_point_0_delay__paramete...
Compiling module xil_defaultlib.floating_point_0_shift_msb_first...
Compiling module xil_defaultlib.floating_point_0_xbip_pipe_v3_0_...
Compiling module xil_defaultlib.floating_point_0_delay__paramete...
Compiling module xil_defaultlib.floating_point_0_xbip_pipe_v3_0_...
Compiling module xil_defaultlib.floating_point_0_delay__paramete...
Compiling module unisims_ver.DSP48E1(ADREG=0,DREG=0,INMODEREG...
Compiling module xil_defaultlib.floating_point_0_dsp48e1_wrapper...
Compiling module xil_defaultlib.floating_point_0_flt_log_addsub_...
Compiling module xil_defaultlib.floating_point_0_dsp48e1_wrapper...
Compiling module xil_defaultlib.floating_point_0_flt_log_addsub_...
Compiling module xil_defaultlib.floating_point_0_xbip_pipe_v3_0_...
Compiling module xil_defaultlib.floating_point_0_delay__paramete...
Compiling module xil_defaultlib.floating_point_0_xbip_pipe_v3_0_...
Compiling module xil_defaultlib.floating_point_0_delay__paramete...
Compiling module xil_defaultlib.floating_point_0_xbip_pipe_v3_0_...
Compiling module xil_defaultlib.floating_point_0_delay__paramete...
Compiling module xil_defaultlib.floating_point_0_xbip_pipe_v3_0_...
Compiling module xil_defaultlib.floating_point_0_delay__paramete...
Compiling module xil_defaultlib.floating_point_0_xbip_pipe_v3_0_...
Compiling module xil_defaultlib.floating_point_0_delay__paramete...
Compiling module xil_defaultlib.floating_point_0_xbip_pipe_v3_0_...
Compiling module xil_defaultlib.floating_point_0_delay__paramete...
Compiling module xil_defaultlib.floating_point_0_xbip_pipe_v3_0_...
Compiling module xil_defaultlib.floating_point_0_delay__paramete...
Compiling module xil_defaultlib.floating_point_0_dsp48e1_wrapper...
Compiling module xil_defaultlib.floating_point_0_flt_log_addsub
Compiling module xil_defaultlib.floating_point_0_xbip_pipe_v3_0_...
Compiling module xil_defaultlib.floating_point_0_delay__paramete...
Compiling module xil_defaultlib.floating_point_0_xbip_pipe_v3_0_...
Compiling module xil_defaultlib.floating_point_0_delay__paramete...
Compiling module xil_defaultlib.floating_point_0_xbip_pipe_v3_0_...
Compiling module xil_defaultlib.floating_point_0_delay__paramete...
Compiling module xil_defaultlib.floating_point_0_special_detect
Compiling module xil_defaultlib.floating_point_0_xbip_pipe_v3_0_...
Compiling module xil_defaultlib.floating_point_0_delay__paramete...
Compiling module xil_defaultlib.floating_point_0_xbip_pipe_v3_0_...
Compiling module xil_defaultlib.floating_point_0_delay__paramete...
Compiling module xil_defaultlib.floating_point_0_xbip_pipe_v3_0_...
Compiling module xil_defaultlib.floating_point_0_delay__paramete...
Compiling module xil_defaultlib.floating_point_0_xbip_pipe_v3_0_...
Compiling module xil_defaultlib.floating_point_0_delay__paramete...
Compiling module xil_defaultlib.floating_point_0_flt_accum
Compiling module xil_defaultlib.floating_point_0_glb_srl_fifo
Compiling module xil_defaultlib.floating_point_0_glb_ifx_master
Compiling module xil_defaultlib.floating_point_0_xbip_pipe_v3_0_...
Compiling module unisims_ver.FDRE(INIT=1'b1)
Compiling module xil_defaultlib.floating_point_0_axi_slave_2to1
Compiling module xil_defaultlib.floating_point_0_xbip_pipe_v3_0_...
Compiling module xil_defaultlib.floating_point_0_delay
Compiling module xil_defaultlib.floating_point_0_floating_point_...
Compiling module xil_defaultlib.floating_point_0_floating_point_...
Compiling module xil_defaultlib.floating_point_0
Compiling architecture behavioral of entity xil_defaultlib.TopLevel [toplevel_default]
Compiling architecture behavioral of entity xil_defaultlib.topleveltb
Built simulation snapshot TopLevelTB_behav
